
+++++++++++++++++++++++++++++++++++++++++++++++++++++++++++++++++++

1. NOMINAL CORRELATIONS

------------------------ | CVW xs | FIW xs | MIW xs | RIW xs | Erro

     AXS 103.00 +-  3.87 |  40.00 |  40.00 |  40.00 |  25.00 | 3.87
    B1XS  99.00 +-  4.00 |  90.00 |  37.50 |  50.63 |  56.25 | 4.00
    B2XS 101.00 +-  8.00 | -30.00 |   9.38 |  22.50 |  18.75 | 8.00
------------------------ | ------ | ------ | ------ | ------ | ----
BLUE  xs 100.00 +-  2.45 | 100.00 |  86.87 | 113.13 | 100.00 | 2.45
BLUE  xs (full precision):  99.99999 +- 2.44949
Chi2 / d.o.f = 1.16666 / 2

   CovM       AXS      B1XS      B2XS
    AXS   15.0001    0.0000    0.0000
   B1XS    0.0000   16.0000   28.0000
   B2XS    0.0000   28.0000   64.0000

2. MINIMIZE WRT GLOBAL FACTOR

DERIVATIVE ANALYSIS
Vary parameters unless dI/dX@0 == dI/dX@1 == 0
----------------- | ----- | ------------------ |-------------------------------|
  Parameter name  | ParID |   Parameter value  |           1/I*dI/dX           |
                  |       | ScaleFactor X @MIN |   @0    ->    @MIN ->      @1 |
----------------- | ----- | ------------------ |-------------------------------|
 GlobalScaleFact  |    #0 |     ??? +-     ??? | -0.3281 ->     ??? ->  2.5200 | ==> Vary in minimization #0

MINIMIZE USING ROOT Minuit2
WARNING! UpperBound=1 == StartValue=1 : redefine StartValue=0.99
Parameters    (%=FIXED)    #0
START: f= 0.97652213 at 0.990
END:   f= 0.77499923 at 0.571
Minimization completed: minValue=0.7749992, edm=0.0000000, #calls=29       
ROOT minimizer Minuit2 (Migrad) found a minimum

DERIVATIVE ANALYSIS
----------------- | ----- | ------------------ |-------------------------------|
  Parameter name  | ParID |   Parameter value  |           1/I*dI/dX           |
                  |       | ScaleFactor X @MIN |   @0    ->    @MIN ->      @1 |
----------------- | ----- | ------------------ |-------------------------------|
 GlobalScaleFact  |    #0 |  0.5715 +-  0.5405 | -0.3281 ->      ~0 ->  2.5200 | 

------------------------ | CVW xs | FIW xs | MIW xs | RIW xs | Erro

     AXS 103.00 +-  3.87 |  51.61 |  51.61 |  51.61 |  51.61 | 3.87
    B1XS  99.00 +-  4.00 |  48.39 |  48.39 |  36.29 |  48.39 | 4.00
    B2XS 101.00 +-  8.00 |  -0.00 |  12.10 |   0.00 |   0.00 | 8.00
------------------------ | ------ | ------ | ------ | ------ | ----
BLUE  xs 101.06 +-  2.78 | 100.00 | 112.10 |  87.90 | 100.00 | 2.78
BLUE  xs (full precision): 101.06450 +- 2.78244
Chi2 / d.o.f = 0.599469 / 2

   CovM       AXS      B1XS      B2XS
    AXS   15.0001    0.0000    0.0000
   B1XS    0.0000   16.0000   16.0006
   B2XS    0.0000   16.0006   64.0000

3. MINIMIZE WRT ERROR SOURCES

DERIVATIVE ANALYSIS
Vary parameters unless dI/dX@0 == dI/dX@1 == 0
----------------- | ----- | ------------------ |-------------------------------|
  Parameter name  | ParID |   Parameter value  |           1/I*dI/dX           |
                  |       | ScaleFactor X @MIN |   @0    ->    @MIN ->      @1 |
----------------- | ----- | ------------------ |-------------------------------|
 Error            |    #0 |     ??? +-     ??? | -0.3281 ->     ??? ->  2.5200 | ==> Vary in minimization #0

MINIMIZE USING ROOT Minuit2
WARNING! UpperBound=1 == StartValue=1 : redefine StartValue=0.99
Error sources (%=FIXED)    #0
START: f= 0.97652213 at 0.990
END:   f= 0.77499923 at 0.571
Minimization completed: minValue=0.7749992, edm=0.0000000, #calls=29       
ROOT minimizer Minuit2 (Migrad) found a minimum

DERIVATIVE ANALYSIS
----------------- | ----- | ------------------ |-------------------------------|
  Parameter name  | ParID |   Parameter value  |           1/I*dI/dX           |
                  |       | ScaleFactor X @MIN |   @0    ->    @MIN ->      @1 |
----------------- | ----- | ------------------ |-------------------------------|
 Error            |    #0 |  0.5715 +-  0.5405 | -0.3281 ->      ~0 ->  2.5200 | 

------------------------ | CVW xs | FIW xs | MIW xs | RIW xs | Erro

     AXS 103.00 +-  3.87 |  51.61 |  51.61 |  51.61 |  51.61 | 3.87
    B1XS  99.00 +-  4.00 |  48.39 |  48.39 |  36.29 |  48.39 | 4.00
    B2XS 101.00 +-  8.00 |  -0.00 |  12.10 |   0.00 |   0.00 | 8.00
------------------------ | ------ | ------ | ------ | ------ | ----
BLUE  xs 101.06 +-  2.78 | 100.00 | 112.10 |  87.90 | 100.00 | 2.78
BLUE  xs (full precision): 101.06450 +- 2.78244
Chi2 / d.o.f = 0.599469 / 2

   CovM       AXS      B1XS      B2XS
    AXS   15.0001    0.0000    0.0000
   B1XS    0.0000   16.0000   16.0006
   B2XS    0.0000   16.0006   64.0000

4. MINIMIZE WRT OFF DIAGONAL ELEMENTS

DERIVATIVE ANALYSIS
Vary parameters unless dI/dX@0 == dI/dX@1 == 0
----------------- | ----- | ------------------ |-------------------------------|
  Parameter name  | ParID |   Parameter value  |           1/I*dI/dX           |
                  |       | ScaleFactor X @MIN |   @0    ->    @MIN ->      @1 |
----------------- | ----- | ------------------ |-------------------------------|
 B1XS/AXS         |    #0 |     ??? +-     ??? |      ~0 ->     ??? ->      ~0 | %FIXED%
 B2XS/AXS         |    #1 |     ??? +-     ??? |      ~0 ->     ??? ->      ~0 | %FIXED%
 B2XS/B1XS        |    #2 |     ??? +-     ??? | -0.3281 ->     ??? ->  2.5200 | ==> Vary in minimization #0

MINIMIZE USING ROOT Minuit2
Off-Diag Elem (%=FIXED)   %#0,   %#1,    #2
START: f= 0.77499923 at 1.000, 1.000, 0.571
END:   f= 0.77499923 at 1.000, 1.000, 0.571
Minimization completed: minValue=0.7749992, edm=0.0000000, #calls=13       
ROOT minimizer Minuit2 (Migrad) found a minimum

DERIVATIVE ANALYSIS
----------------- | ----- | ------------------ |-------------------------------|
  Parameter name  | ParID |   Parameter value  |           1/I*dI/dX           |
                  |       | ScaleFactor X @MIN |   @0    ->    @MIN ->      @1 |
----------------- | ----- | ------------------ |-------------------------------|
 B1XS/AXS         |    #0 |  1.0000 +-     N/A |      ~0 ->      ~0 ->      ~0 | %FIXED%
 B2XS/AXS         |    #1 |  1.0000 +-     N/A |      ~0 ->      ~0 ->      ~0 | %FIXED%
 B2XS/B1XS        |    #2 |  0.5714 +-  0.5405 | -0.3281 ->      ~0 ->  2.5200 | 

------------------------ | CVW xs | FIW xs | MIW xs | RIW xs | Erro

     AXS 103.00 +-  3.87 |  51.61 |  51.61 |  51.61 |  51.61 | 3.87
    B1XS  99.00 +-  4.00 |  48.39 |  48.39 |  36.29 |  48.39 | 4.00
    B2XS 101.00 +-  8.00 |   0.00 |  12.10 |   0.00 |   0.00 | 8.00
------------------------ | ------ | ------ | ------ | ------ | ----
BLUE  xs 101.06 +-  2.78 | 100.00 | 112.10 |  87.90 | 100.00 | 2.78
BLUE  xs (full precision): 101.06451 +- 2.78244
Chi2 / d.o.f = 0.59946 / 2

   CovM       AXS      B1XS      B2XS
    AXS   15.0001    0.0000    0.0000
   B1XS    0.0000   16.0000   16.0000
   B2XS    0.0000   16.0000   64.0000

5. REMOVE MEASUREMENTS WITH NEGATIVE CVW'S

------------------------ | CVW xs | FIW xs | MIW xs | RIW xs | Erro

     AXS 103.00 +-  3.87 |  51.61 |  51.61 |  51.61 |  51.61 | 3.87
    B1XS  99.00 +-  4.00 |  48.39 |  48.39 |  48.39 |  48.39 | 4.00
------------------------ | ------ | ------ | ------ | ------ | ----
BLUE  xs 101.06 +-  2.78 | 100.00 | 100.00 | 100.00 | 100.00 | 2.78
BLUE  xs (full precision): 101.06451 +- 2.78244
Chi2 / d.o.f = 0.516127 / 1

   CovM       AXS      B1XS
    AXS   15.0001    0.0000
   B1XS    0.0000   16.0000

7. ONIONIZE

Onionize source #0 (Error)
 CovOld       AXS      B1XS      B2XS
    AXS   15.0001    0.0000    0.0000
   B1XS    0.0000   16.0000   28.0000
   B2XS    0.0000   28.0000   64.0000
 CovNew       AXS      B1XS      B2XS
    AXS   15.0001    0.0000    0.0000
   B1XS    0.0000   16.0000   16.0000
   B2XS    0.0000   16.0000   64.0000

------------------------ | CVW xs | FIW xs | MIW xs | RIW xs | Erro

     AXS 103.00 +-  3.87 |  51.61 |  51.61 |  51.61 |  51.61 | 3.87
    B1XS  99.00 +-  4.00 |  48.39 |  48.39 |  36.29 |  48.39 | 4.00
    B2XS 101.00 +-  8.00 |   0.00 |  12.10 |   0.00 |   0.00 | 8.00
------------------------ | ------ | ------ | ------ | ------ | ----
BLUE  xs 101.06 +-  2.78 | 100.00 | 112.10 |  87.90 | 100.00 | 2.78
BLUE  xs (full precision): 101.06451 +- 2.78244
Chi2 / d.o.f = 0.59946 / 2

   CovM       AXS      B1XS      B2XS
    AXS   15.0001    0.0000    0.0000
   B1XS    0.0000   16.0000   16.0000
   B2XS    0.0000   16.0000   64.0000

8. NO CORRELATIONS

------------------------ | CVW xs | FIW xs | MIW xs | RIW xs | Erro

     AXS 103.00 +-  3.87 |  46.04 |  46.04 |  46.04 |  46.04 | 3.87
    B1XS  99.00 +-  4.00 |  43.17 |  43.17 |  43.17 |  43.17 | 4.00
    B2XS 101.00 +-  8.00 |  10.79 |  10.79 |  10.79 |  10.79 | 8.00
------------------------ | ------ | ------ | ------ | ------ | ----
BLUE  xs 101.06 +-  2.63 | 100.00 | 100.00 | 100.00 | 100.00 | 2.63
BLUE  xs (full precision): 101.05755 +- 2.62802
Chi2 / d.o.f = 0.516185 / 2

   CovM       AXS      B1XS      B2XS
    AXS   15.0001    0.0000    0.0000
   B1XS    0.0000   16.0000    0.0000
   B2XS    0.0000    0.0000   64.0000

--------------------------------------------------------------------

Create latex report: /home/avalassi/BLUEFIN/bluefin/examples/dataXSE/xsePaper3_body.tex
